1509357448482	geckodriver	INFO	geckodriver 0.19.0
1509357448482	geckodriver	INFO	Listening on 127.0.0.1:63816
1509357450484	mozrunner::runner	INFO	Running command: "C:\\Program Files\\Mozilla Firefox\\firefox.exe" "-marionette" "-profile" "C:\\Users\\WANGZI~1\\AppData\\Local\\Temp\\rust_mozprofile.QeCJl28Y9Jck"
1509357450578	addons.manager	DEBUG	Application has been upgraded
1509357450589	addons.manager	DEBUG	Loaded provider scope for resource://gre/modules/addons/XPIProvider.jsm: ["XPIProvider", "XPIInternal"]
1509357450590	addons.manager	DEBUG	Loaded provider scope for resource://gre/modules/LightweightThemeManager.jsm: ["LightweightThemeManager"]
1509357450602	addons.manager	DEBUG	Loaded provider scope for resource://gre/modules/addons/GMPProvider.jsm
1509357450603	addons.manager	DEBUG	Loaded provider scope for resource://gre/modules/addons/PluginProvider.jsm
1509357450603	addons.manager	DEBUG	Starting provider: XPIProvider
1509357450603	addons.xpi	DEBUG	startup
1509357450603	addons.xpi	INFO	SystemAddonInstallLocation directory is missing
1509357450603	addons.xpi	INFO	Removing all system add-on upgrades.
1509357450604	addons.xpi	DEBUG	checkForChanges
1509357450604	addons.xpi	WARN	Error parsing extensions state: [Exception... "Component returned failure code: 0x80520012 (NS_ERROR_FILE_NOT_FOUND) [amIAddonManagerStartup.readStartupData]"  nsresult: "0x80520012 (NS_ERROR_FILE_NOT_FOUND)"  location: "JS frame :: resource://gre/modules/addons/XPIProvider.jsm :: loadExtensionState :: line 1554"  data: no] Stack trace: loadExtensionState()@resource://gre/modules/addons/XPIProvider.jsm:1554 < getInstallState()@resource://gre/modules/addons/XPIProvider.jsm:1589 < checkForChanges()@resource://gre/modules/addons/XPIProvider.jsm:3109 < startup()@resource://gre/modules/addons/XPIProvider.jsm:2188 < callProvider()@resource://gre/modules/AddonManager.jsm:269 < _startProvider()@resource://gre/modules/AddonManager.jsm:739 < startup()@resource://gre/modules/AddonManager.jsm:906 < startup()@resource://gre/modules/AddonManager.jsm:3090 < observe()@jar:file:///C:/Program%20Files/Mozilla%20Firefox/omni.ja!/components/addonManager.js:65
1509357450605	addons.xpi	DEBUG	Loaded add-on state: ${}
1509357450606	addons.xpi	INFO	Mapping activity-stream@mozilla.org to C:\Program Files\Mozilla Firefox\browser\features\activity-stream@mozilla.org.xpi
1509357450606	addons.xpi	INFO	Mapping aushelper@mozilla.org to C:\Program Files\Mozilla Firefox\browser\features\aushelper@mozilla.org.xpi
1509357450606	addons.xpi	INFO	Mapping clicktoplay-rollout@mozilla.org to C:\Program Files\Mozilla Firefox\browser\features\clicktoplay-rollout@mozilla.org.xpi
1509357450606	addons.xpi	INFO	Mapping e10srollout@mozilla.org to C:\Program Files\Mozilla Firefox\browser\features\e10srollout@mozilla.org.xpi
1509357450606	addons.xpi	INFO	Mapping firefox@getpocket.com to C:\Program Files\Mozilla Firefox\browser\features\firefox@getpocket.com.xpi
1509357450606	addons.xpi	INFO	Mapping followonsearch@mozilla.com to C:\Program Files\Mozilla Firefox\browser\features\followonsearch@mozilla.com.xpi
1509357450606	addons.xpi	INFO	Mapping formautofill@mozilla.org to C:\Program Files\Mozilla Firefox\browser\features\formautofill@mozilla.org.xpi
1509357450606	addons.xpi	INFO	Mapping onboarding@mozilla.org to C:\Program Files\Mozilla Firefox\browser\features\onboarding@mozilla.org.xpi
1509357450606	addons.xpi	INFO	Mapping screenshots@mozilla.org to C:\Program Files\Mozilla Firefox\browser\features\screenshots@mozilla.org.xpi
1509357450606	addons.xpi	INFO	Mapping shield-recipe-client@mozilla.org to C:\Program Files\Mozilla Firefox\browser\features\shield-recipe-client@mozilla.org.xpi
1509357450607	addons.xpi	INFO	Mapping webcompat@mozilla.org to C:\Program Files\Mozilla Firefox\browser\features\webcompat@mozilla.org.xpi
1509357450607	addons.xpi	DEBUG	New add-on activity-stream@mozilla.org in app-system-defaults
1509357450607	addons.xpi	INFO	Mapping activity-stream@mozilla.org to C:\Program Files\Mozilla Firefox\browser\features\activity-stream@mozilla.org.xpi
1509357450607	addons.xpi	DEBUG	New add-on aushelper@mozilla.org in app-system-defaults
1509357450607	addons.xpi	INFO	Mapping aushelper@mozilla.org to C:\Program Files\Mozilla Firefox\browser\features\aushelper@mozilla.org.xpi
1509357450608	addons.xpi	DEBUG	New add-on clicktoplay-rollout@mozilla.org in app-system-defaults
1509357450608	addons.xpi	INFO	Mapping clicktoplay-rollout@mozilla.org to C:\Program Files\Mozilla Firefox\browser\features\clicktoplay-rollout@mozilla.org.xpi
1509357450608	addons.xpi	DEBUG	New add-on e10srollout@mozilla.org in app-system-defaults
1509357450608	addons.xpi	INFO	Mapping e10srollout@mozilla.org to C:\Program Files\Mozilla Firefox\browser\features\e10srollout@mozilla.org.xpi
1509357450608	addons.xpi	DEBUG	New add-on firefox@getpocket.com in app-system-defaults
1509357450608	addons.xpi	INFO	Mapping firefox@getpocket.com to C:\Program Files\Mozilla Firefox\browser\features\firefox@getpocket.com.xpi
1509357450608	addons.xpi	DEBUG	New add-on followonsearch@mozilla.com in app-system-defaults
1509357450608	addons.xpi	INFO	Mapping followonsearch@mozilla.com to C:\Program Files\Mozilla Firefox\browser\features\followonsearch@mozilla.com.xpi
1509357450608	addons.xpi	DEBUG	New add-on formautofill@mozilla.org in app-system-defaults
1509357450608	addons.xpi	INFO	Mapping formautofill@mozilla.org to C:\Program Files\Mozilla Firefox\browser\features\formautofill@mozilla.org.xpi
1509357450609	addons.xpi	DEBUG	New add-on onboarding@mozilla.org in app-system-defaults
1509357450609	addons.xpi	INFO	Mapping onboarding@mozilla.org to C:\Program Files\Mozilla Firefox\browser\features\onboarding@mozilla.org.xpi
1509357450609	addons.xpi	DEBUG	New add-on screenshots@mozilla.org in app-system-defaults
1509357450609	addons.xpi	INFO	Mapping screenshots@mozilla.org to C:\Program Files\Mozilla Firefox\browser\features\screenshots@mozilla.org.xpi
1509357450609	addons.xpi	DEBUG	New add-on shield-recipe-client@mozilla.org in app-system-defaults
1509357450609	addons.xpi	INFO	Mapping shield-recipe-client@mozilla.org to C:\Program Files\Mozilla Firefox\browser\features\shield-recipe-client@mozilla.org.xpi
1509357450609	addons.xpi	DEBUG	New add-on webcompat@mozilla.org in app-system-defaults
1509357450609	addons.xpi	INFO	Mapping webcompat@mozilla.org to C:\Program Files\Mozilla Firefox\browser\features\webcompat@mozilla.org.xpi
1509357450610	addons.xpi	INFO	Mapping {972ce4c6-7e08-4474-a285-3208198ce6fd} to C:\Program Files\Mozilla Firefox\browser\extensions\{972ce4c6-7e08-4474-a285-3208198ce6fd}.xpi
1509357450610	addons.xpi	DEBUG	New add-on {972ce4c6-7e08-4474-a285-3208198ce6fd} in app-global
1509357450610	addons.xpi	INFO	Mapping {972ce4c6-7e08-4474-a285-3208198ce6fd} to C:\Program Files\Mozilla Firefox\browser\extensions\{972ce4c6-7e08-4474-a285-3208198ce6fd}.xpi
1509357450610	addons.xpi	DEBUG	getInstallState changed: true, state: {}
1509357450610	addons.xpi	INFO	SystemAddonInstallLocation directory is missing
1509357450613	addons.xpi-utils	DEBUG	Opening XPI database C:\Users\wangzilong-ti\AppData\Local\Temp\rust_mozprofile.QeCJl28Y9Jck\extensions.json
1509357450614	addons.xpi-utils	DEBUG	New add-on activity-stream@mozilla.org installed in app-system-defaults
*** Blocklist::_loadBlocklistFromFile: blocklist is disabled
1509357450625	DeferredSave.extensions.json	DEBUG	Save changes
1509357450626	addons.xpi-utils	DEBUG	New add-on aushelper@mozilla.org installed in app-system-defaults
1509357450627	DeferredSave.extensions.json	DEBUG	Starting timer
1509357450628	DeferredSave.extensions.json	DEBUG	Save changes
1509357450628	addons.xpi-utils	DEBUG	New add-on clicktoplay-rollout@mozilla.org installed in app-system-defaults
1509357450629	DeferredSave.extensions.json	DEBUG	Save changes
1509357450629	addons.xpi-utils	DEBUG	New add-on e10srollout@mozilla.org installed in app-system-defaults
1509357450631	DeferredSave.extensions.json	DEBUG	Save changes
1509357450631	addons.xpi-utils	DEBUG	New add-on firefox@getpocket.com installed in app-system-defaults
1509357450632	DeferredSave.extensions.json	DEBUG	Save changes
1509357450632	addons.xpi-utils	DEBUG	New add-on followonsearch@mozilla.com installed in app-system-defaults
1509357450634	DeferredSave.extensions.json	DEBUG	Save changes
1509357450634	addons.xpi-utils	DEBUG	New add-on formautofill@mozilla.org installed in app-system-defaults
1509357450635	DeferredSave.extensions.json	DEBUG	Save changes
1509357450635	addons.xpi-utils	DEBUG	New add-on onboarding@mozilla.org installed in app-system-defaults
1509357450636	DeferredSave.extensions.json	DEBUG	Save changes
1509357450636	addons.xpi-utils	DEBUG	New add-on screenshots@mozilla.org installed in app-system-defaults
1509357450638	DeferredSave.extensions.json	DEBUG	Save changes
1509357450639	addons.xpi-utils	DEBUG	New add-on shield-recipe-client@mozilla.org installed in app-system-defaults
1509357450640	DeferredSave.extensions.json	DEBUG	Save changes
1509357450640	addons.xpi-utils	DEBUG	New add-on webcompat@mozilla.org installed in app-system-defaults
1509357450642	DeferredSave.extensions.json	DEBUG	Save changes
1509357450642	addons.xpi-utils	DEBUG	New add-on {972ce4c6-7e08-4474-a285-3208198ce6fd} installed in app-global
1509357450643	DeferredSave.extensions.json	DEBUG	Save changes
1509357450644	addons.manager	DEBUG	Registering startup change 'installed' for activity-stream@mozilla.org
1509357450648	addons.xpi	DEBUG	Loading bootstrap scope from C:\Program Files\Mozilla Firefox\browser\features\activity-stream@mozilla.org.xpi
1509357450649	addons.xpi	DEBUG	Calling bootstrap method install on activity-stream@mozilla.org version 0.0.0
1509357450649	addons.xpi-utils	DEBUG	Make addon app-system-defaults:activity-stream@mozilla.org visible
1509357450650	addons.xpi	DEBUG	Updating XPIState for {"id":"activity-stream@mozilla.org","syncGUID":"{08f43731-8e08-4cb0-a182-797844d47e94}","location":"app-system-defaults","version":"0.0.0","type":"extension","internalName":null,"updateURL":null,"updateKey":null,"optionsURL":null,"optionsType":null,"aboutURL":null,"defaultLocale":{"name":"Activity Stream","description":"A rich visual history feed and a reimagined home page make it easier than ever to find exactly what you're looking for in Firefox.","creator":null,"homepageURL":null},"visible":true,"active":false,"userDisabled":false,"appDisabled":false,"installDate":1509083234671,"updateDate":1509083234671,"applyBackgroundUpdates":1,"bootstrap":true,"path":"C:\\Program Files\\Mozilla Firefox\\browser\\features\\activity-stream@mozilla.org.xpi","skinnable":false,"size":1280298,"sourceURI":null,"releaseNotesURI":null,"softDisabled":false,"foreignInstall":false,"hasBinaryComponents":false,"strictCompatibility":false,"locales":[],"targetApplications":[{"id":"{ec8030f7-c20a-464f-9b0e-13a3a9e97384}","minVersion":"56.0.2","maxVersion":"56.*"}],"targetPlatforms":[],"multiprocessCompatible":true,"seen":true,"dependencies":[],"hasEmbeddedWebExtension":false,"mpcOptedOut":false,"userPermissions":null,"icons":{},"iconURL":null,"icon64URL":null,"blocklistState":0,"blocklistURL":null}
1509357450651	DeferredSave.extensions.json	DEBUG	Save changes
1509357450651	addons.manager	DEBUG	Registering startup change 'installed' for aushelper@mozilla.org
1509357450651	addons.xpi	DEBUG	Loading bootstrap scope from C:\Program Files\Mozilla Firefox\browser\features\aushelper@mozilla.org.xpi
1509357450652	addons.xpi	DEBUG	Calling bootstrap method install on aushelper@mozilla.org version 2.0
1509357450652	addons.xpi-utils	DEBUG	Make addon app-system-defaults:aushelper@mozilla.org visible
1509357450652	addons.xpi	DEBUG	Updating XPIState for {"id":"aushelper@mozilla.org","syncGUID":"{ba72cc0f-0580-483b-aafc-fe45a4dc83ee}","location":"app-system-defaults","version":"2.0","type":"extension","internalName":null,"updateURL":null,"updateKey":null,"optionsURL":null,"optionsType":null,"aboutURL":null,"defaultLocale":{"name":"Application Update Service Helper","description":"Sets value(s) in the update url based on custom checks.","creator":null,"homepageURL":null},"visible":true,"active":false,"userDisabled":false,"appDisabled":false,"installDate":1509083234656,"updateDate":1509083234656,"applyBackgroundUpdates":1,"bootstrap":true,"path":"C:\\Program Files\\Mozilla Firefox\\browser\\features\\aushelper@mozilla.org.xpi","skinnable":false,"size":8488,"sourceURI":null,"releaseNotesURI":null,"softDisabled":false,"foreignInstall":false,"hasBinaryComponents":false,"strictCompatibility":false,"locales":[],"targetApplications":[{"id":"{ec8030f7-c20a-464f-9b0e-13a3a9e97384}","minVersion":"56.0.2","maxVersion":"56.*"}],"targetPlatforms":[],"multiprocessCompatible":true,"seen":true,"dependencies":[],"hasEmbeddedWebExtension":false,"mpcOptedOut":false,"userPermissions":null,"icons":{},"iconURL":null,"icon64URL":null,"blocklistState":0,"blocklistURL":null}
1509357450652	DeferredSave.extensions.json	DEBUG	Save changes
1509357450652	addons.manager	DEBUG	Registering startup change 'installed' for clicktoplay-rollout@mozilla.org
1509357450653	addons.xpi	DEBUG	Loading bootstrap scope from C:\Program Files\Mozilla Firefox\browser\features\clicktoplay-rollout@mozilla.org.xpi
1509357450658	addons.xpi	DEBUG	Calling bootstrap method install on clicktoplay-rollout@mozilla.org version 1.4
1509357450658	addons.xpi-utils	DEBUG	Make addon app-system-defaults:clicktoplay-rollout@mozilla.org visible
1509357450658	addons.xpi	DEBUG	Updating XPIState for {"id":"clicktoplay-rollout@mozilla.org","syncGUID":"{4e3f0def-545b-4060-92bd-4cc0cea6968a}","location":"app-system-defaults","version":"1.4","type":"extension","internalName":null,"updateURL":null,"updateKey":null,"optionsURL":null,"optionsType":null,"aboutURL":null,"defaultLocale":{"name":"Click-to-Play staged rollout","description":"Staged rollout for Click-to-Play Flash.","creator":null,"homepageURL":null},"visible":true,"active":false,"userDisabled":false,"appDisabled":false,"installDate":1509083234640,"updateDate":1509083234640,"applyBackgroundUpdates":1,"bootstrap":true,"path":"C:\\Program Files\\Mozilla Firefox\\browser\\features\\clicktoplay-rollout@mozilla.org.xpi","skinnable":false,"size":5781,"sourceURI":null,"releaseNotesURI":null,"softDisabled":false,"foreignInstall":false,"hasBinaryComponents":false,"strictCompatibility":false,"locales":[],"targetApplications":[{"id":"{ec8030f7-c20a-464f-9b0e-13a3a9e97384}","minVersion":"56.0.2","maxVersion":"56.*"}],"targetPlatforms":[],"multiprocessCompatible":true,"seen":true,"dependencies":[],"hasEmbeddedWebExtension":false,"mpcOptedOut":false,"userPermissions":null,"icons":{},"iconURL":null,"icon64URL":null,"blocklistState":0,"blocklistURL":null}
1509357450658	DeferredSave.extensions.json	DEBUG	Save changes
1509357450658	addons.manager	DEBUG	Registering startup change 'installed' for e10srollout@mozilla.org
1509357450658	addons.xpi	DEBUG	Loading bootstrap scope from C:\Program Files\Mozilla Firefox\browser\features\e10srollout@mozilla.org.xpi
1509357450659	addons.xpi	DEBUG	Calling bootstrap method install on e10srollout@mozilla.org version 3.00
1509357450660	addons.xpi-utils	DEBUG	Make addon app-system-defaults:e10srollout@mozilla.org visible
1509357450660	addons.xpi	DEBUG	Updating XPIState for {"id":"e10srollout@mozilla.org","syncGUID":"{bb8a8a06-82b6-4c17-b4f6-d03450d3b0a4}","location":"app-system-defaults","version":"3.00","type":"extension","internalName":null,"updateURL":null,"updateKey":null,"optionsURL":null,"optionsType":null,"aboutURL":null,"defaultLocale":{"name":"Multi-process staged rollout","description":"Staged rollout of Firefox multi-process feature.","creator":null,"homepageURL":null},"visible":true,"active":false,"userDisabled":false,"appDisabled":false,"installDate":1509083234624,"updateDate":1509083234624,"applyBackgroundUpdates":1,"bootstrap":true,"path":"C:\\Program Files\\Mozilla Firefox\\browser\\features\\e10srollout@mozilla.org.xpi","skinnable":false,"size":13712,"sourceURI":null,"releaseNotesURI":null,"softDisabled":false,"foreignInstall":false,"hasBinaryComponents":false,"strictCompatibility":false,"locales":[],"targetApplications":[{"id":"{ec8030f7-c20a-464f-9b0e-13a3a9e97384}","minVersion":"56.0.2","maxVersion":"56.*"}],"targetPlatforms":[],"multiprocessCompatible":true,"seen":true,"dependencies":[],"hasEmbeddedWebExtension":false,"mpcOptedOut":false,"userPermissions":null,"icons":{},"iconURL":null,"icon64URL":null,"blocklistState":0,"blocklistURL":null}
1509357450660	DeferredSave.extensions.json	DEBUG	Save changes
1509357450660	addons.manager	DEBUG	Registering startup change 'installed' for firefox@getpocket.com
1509357450660	addons.xpi	DEBUG	Loading bootstrap scope from C:\Program Files\Mozilla Firefox\browser\features\firefox@getpocket.com.xpi
1509357450663	addons.xpi	DEBUG	Calling bootstrap method install on firefox@getpocket.com version 1.0.5
1509357450663	addons.xpi-utils	DEBUG	Make addon app-system-defaults:firefox@getpocket.com visible
1509357450663	addons.xpi	DEBUG	Updating XPIState for {"id":"firefox@getpocket.com","syncGUID":"{58c1d606-3cac-4986-9ad8-c95e38755456}","location":"app-system-defaults","version":"1.0.5","type":"extension","internalName":null,"updateURL":null,"updateKey":null,"optionsURL":null,"optionsType":null,"aboutURL":null,"defaultLocale":{"name":"Pocket","description":"When you find something you want to view later, put it in Pocket.","creator":null,"homepageURL":null},"visible":true,"active":false,"userDisabled":false,"appDisabled":false,"installDate":1509083234609,"updateDate":1509083234609,"applyBackgroundUpdates":1,"bootstrap":true,"path":"C:\\Program Files\\Mozilla Firefox\\browser\\features\\firefox@getpocket.com.xpi","skinnable":false,"size":1002095,"sourceURI":null,"releaseNotesURI":null,"softDisabled":false,"foreignInstall":false,"hasBinaryComponents":false,"strictCompatibility":false,"locales":[],"targetApplications":[{"id":"{ec8030f7-c20a-464f-9b0e-13a3a9e97384}","minVersion":"56.0.2","maxVersion":"56.*"}],"targetPlatforms":[],"multiprocessCompatible":true,"seen":true,"dependencies":[],"hasEmbeddedWebExtension":false,"mpcOptedOut":false,"userPermissions":null,"icons":{},"iconURL":null,"icon64URL":null,"blocklistState":0,"blocklistURL":null}
1509357450663	DeferredSave.extensions.json	DEBUG	Save changes
1509357450663	addons.manager	DEBUG	Registering startup change 'installed' for followonsearch@mozilla.com
1509357450663	addons.xpi	DEBUG	Loading bootstrap scope from C:\Program Files\Mozilla Firefox\browser\features\followonsearch@mozilla.com.xpi
1509357450664	addons.xpi	DEBUG	Calling bootstrap method install on followonsearch@mozilla.com version 0.9.3
1509357450664	addons.xpi-utils	DEBUG	Make addon app-system-defaults:followonsearch@mozilla.com visible
1509357450664	addons.xpi	DEBUG	Updating XPIState for {"id":"followonsearch@mozilla.com","syncGUID":"{5ca06f93-24a1-4db5-b0df-7c0bacc261c8}","location":"app-system-defaults","version":"0.9.3","type":"extension","internalName":null,"updateURL":null,"updateKey":null,"optionsURL":null,"optionsType":null,"aboutURL":null,"defaultLocale":{"name":"Follow-on Search Telemetry","description":null,"creator":null,"homepageURL":null},"visible":true,"active":false,"userDisabled":false,"appDisabled":false,"installDate":1506672310902,"updateDate":1506672310902,"applyBackgroundUpdates":1,"bootstrap":true,"path":"C:\\Program Files\\Mozilla Firefox\\browser\\features\\followonsearch@mozilla.com.xpi","skinnable":false,"size":16802,"sourceURI":null,"releaseNotesURI":null,"softDisabled":false,"foreignInstall":false,"hasBinaryComponents":false,"strictCompatibility":false,"locales":[],"targetApplications":[{"id":"{ec8030f7-c20a-464f-9b0e-13a3a9e97384}","minVersion":"52.0","maxVersion":"59.*"}],"targetPlatforms":[],"multiprocessCompatible":true,"seen":true,"dependencies":[],"hasEmbeddedWebExtension":false,"mpcOptedOut":false,"userPermissions":null,"icons":{},"iconURL":null,"icon64URL":null,"blocklistState":0,"blocklistURL":null}
1509357450665	DeferredSave.extensions.json	DEBUG	Save changes
1509357450665	addons.manager	DEBUG	Registering startup change 'installed' for formautofill@mozilla.org
1509357450665	addons.xpi	DEBUG	Loading bootstrap scope from C:\Program Files\Mozilla Firefox\browser\features\formautofill@mozilla.org.xpi
1509357450667	addons.xpi	DEBUG	Calling bootstrap method install on formautofill@mozilla.org version 1.0
1509357450667	addons.xpi-utils	DEBUG	Make addon app-system-defaults:formautofill@mozilla.org visible
1509357450667	addons.xpi	DEBUG	Updating XPIState for {"id":"formautofill@mozilla.org","syncGUID":"{1706a62b-4a65-4f36-9db1-8f8654467b4c}","location":"app-system-defaults","version":"1.0","type":"extension","internalName":null,"updateURL":null,"updateKey":null,"optionsURL":null,"optionsType":null,"aboutURL":null,"defaultLocale":{"name":"Form Autofill","description":"Autofill forms with saved profiles","creator":null,"homepageURL":null},"visible":true,"active":false,"userDisabled":false,"appDisabled":false,"installDate":1509083234578,"updateDate":1509083234578,"applyBackgroundUpdates":1,"bootstrap":true,"path":"C:\\Program Files\\Mozilla Firefox\\browser\\features\\formautofill@mozilla.org.xpi","skinnable":false,"size":335807,"sourceURI":null,"releaseNotesURI":null,"softDisabled":false,"foreignInstall":false,"hasBinaryComponents":false,"strictCompatibility":false,"locales":[],"targetApplications":[{"id":"{ec8030f7-c20a-464f-9b0e-13a3a9e97384}","minVersion":"56.0.2","maxVersion":"56.*"}],"targetPlatforms":[],"multiprocessCompatible":true,"seen":true,"dependencies":[],"hasEmbeddedWebExtension":false,"mpcOptedOut":false,"userPermissions":null,"icons":{},"iconURL":null,"icon64URL":null,"blocklistState":0,"blocklistURL":null}
1509357450667	DeferredSave.extensions.json	DEBUG	Save changes
1509357450667	addons.manager	DEBUG	Registering startup change 'installed' for onboarding@mozilla.org
1509357450667	addons.xpi	DEBUG	Loading bootstrap scope from C:\Program Files\Mozilla Firefox\browser\features\onboarding@mozilla.org.xpi
1509357450669	addons.xpi	DEBUG	Calling bootstrap method install on onboarding@mozilla.org version 0.1
1509357450669	addons.xpi-utils	DEBUG	Make addon app-system-defaults:onboarding@mozilla.org visible
1509357450669	addons.xpi	DEBUG	Updating XPIState for {"id":"onboarding@mozilla.org","syncGUID":"{7e3e1bac-7ce7-4d7b-9dff-c6c7d46fb92f}","location":"app-system-defaults","version":"0.1","type":"extension","internalName":null,"updateURL":null,"updateKey":null,"optionsURL":null,"optionsType":null,"aboutURL":null,"defaultLocale":{"name":"Photon onboarding","description":"Photon onboarding","creator":null,"homepageURL":null},"visible":true,"active":false,"userDisabled":false,"appDisabled":false,"installDate":1509083234546,"updateDate":1509083234546,"applyBackgroundUpdates":1,"bootstrap":true,"path":"C:\\Program Files\\Mozilla Firefox\\browser\\features\\onboarding@mozilla.org.xpi","skinnable":false,"size":426348,"sourceURI":null,"releaseNotesURI":null,"softDisabled":false,"foreignInstall":false,"hasBinaryComponents":false,"strictCompatibility":false,"locales":[],"targetApplications":[{"id":"{ec8030f7-c20a-464f-9b0e-13a3a9e97384}","minVersion":"56.0.2","maxVersion":"56.*"}],"targetPlatforms":[],"multiprocessCompatible":true,"seen":true,"dependencies":[],"hasEmbeddedWebExtension":false,"mpcOptedOut":false,"userPermissions":null,"icons":{},"iconURL":null,"icon64URL":null,"blocklistState":0,"blocklistURL":null}
1509357450669	DeferredSave.extensions.json	DEBUG	Save changes
1509357450669	addons.manager	DEBUG	Registering startup change 'installed' for screenshots@mozilla.org
1509357450669	addons.xpi	DEBUG	Loading bootstrap scope from C:\Program Files\Mozilla Firefox\browser\features\screenshots@mozilla.org.xpi
1509357450670	addons.xpi	DEBUG	Calling bootstrap method install on screenshots@mozilla.org version 10.12.0
1509357450670	addons.xpi-utils	DEBUG	Make addon app-system-defaults:screenshots@mozilla.org visible
1509357450670	addons.xpi	DEBUG	Updating XPIState for {"id":"screenshots@mozilla.org","syncGUID":"{8fa605f3-2ea4-4744-8e6b-e2ddcb73cbed}","location":"app-system-defaults","version":"10.12.0","type":"extension","internalName":null,"updateURL":null,"updateKey":null,"optionsURL":null,"optionsType":null,"aboutURL":null,"defaultLocale":{"name":"Firefox Screenshots","description":null,"creator":null,"homepageURL":"https://pageshot.net/"},"visible":true,"active":false,"userDisabled":false,"appDisabled":false,"installDate":1506672310887,"updateDate":1506672310887,"applyBackgroundUpdates":1,"bootstrap":true,"path":"C:\\Program Files\\Mozilla Firefox\\browser\\features\\screenshots@mozilla.org.xpi","skinnable":false,"size":714554,"sourceURI":null,"releaseNotesURI":null,"softDisabled":false,"foreignInstall":false,"hasBinaryComponents":false,"strictCompatibility":false,"locales":[],"targetApplications":[{"id":"{ec8030f7-c20a-464f-9b0e-13a3a9e97384}","minVersion":"51.0a1","maxVersion":"*"}],"targetPlatforms":[],"multiprocessCompatible":true,"seen":true,"dependencies":[],"hasEmbeddedWebExtension":false,"mpcOptedOut":false,"userPermissions":null,"icons":{},"iconURL":null,"icon64URL":null,"blocklistState":0,"blocklistURL":null}
1509357450671	DeferredSave.extensions.json	DEBUG	Save changes
1509357450671	addons.manager	DEBUG	Registering startup change 'installed' for shield-recipe-client@mozilla.org
1509357450671	addons.xpi	DEBUG	Loading bootstrap scope from C:\Program Files\Mozilla Firefox\browser\features\shield-recipe-client@mozilla.org.xpi
1509357450672	addons.xpi	DEBUG	Calling bootstrap method install on shield-recipe-client@mozilla.org version 65
1509357450672	addons.xpi-utils	DEBUG	Make addon app-system-defaults:shield-recipe-client@mozilla.org visible
1509357450672	addons.xpi	DEBUG	Updating XPIState for {"id":"shield-recipe-client@mozilla.org","syncGUID":"{20f861cd-3b68-4e70-9b32-caae1fceb1e3}","location":"app-system-defaults","version":"65","type":"extension","internalName":null,"updateURL":null,"updateKey":null,"optionsURL":null,"optionsType":null,"aboutURL":null,"defaultLocale":{"name":"Shield Recipe Client","description":"Client to download and run recipes for SHIELD, Heartbeat, etc.","creator":null,"homepageURL":null},"visible":true,"active":false,"userDisabled":false,"appDisabled":false,"installDate":1509083234515,"updateDate":1509083234515,"applyBackgroundUpdates":1,"bootstrap":true,"path":"C:\\Program Files\\Mozilla Firefox\\browser\\features\\shield-recipe-client@mozilla.org.xpi","skinnable":false,"size":362690,"sourceURI":null,"releaseNotesURI":null,"softDisabled":false,"foreignInstall":false,"hasBinaryComponents":false,"strictCompatibility":false,"locales":[],"targetApplications":[{"id":"{ec8030f7-c20a-464f-9b0e-13a3a9e97384}","minVersion":"56.0.2","maxVersion":"56.*"}],"targetPlatforms":[],"multiprocessCompatible":true,"seen":true,"dependencies":[],"hasEmbeddedWebExtension":false,"mpcOptedOut":false,"userPermissions":null,"icons":{},"iconURL":null,"icon64URL":null,"blocklistState":0,"blocklistURL":null}
1509357450672	DeferredSave.extensions.json	DEBUG	Save changes
1509357450672	addons.manager	DEBUG	Registering startup change 'installed' for webcompat@mozilla.org
1509357450673	addons.xpi	DEBUG	Loading bootstrap scope from C:\Program Files\Mozilla Firefox\browser\features\webcompat@mozilla.org.xpi
1509357450674	addons.xpi	DEBUG	Calling bootstrap method install on webcompat@mozilla.org version 1.1
1509357450674	addons.xpi-utils	DEBUG	Make addon app-system-defaults:webcompat@mozilla.org visible
1509357450674	addons.xpi	DEBUG	Updating XPIState for {"id":"webcompat@mozilla.org","syncGUID":"{27d8d0cc-0e7d-4929-9cc3-cdae7db9f8eb}","location":"app-system-defaults","version":"1.1","type":"extension","internalName":null,"updateURL":null,"updateKey":null,"optionsURL":null,"optionsType":null,"aboutURL":null,"defaultLocale":{"name":"Web Compat","description":"Urgent post-release fixes for web compatibility.","creator":null,"homepageURL":null},"visible":true,"active":false,"userDisabled":false,"appDisabled":false,"installDate":1509083234484,"updateDate":1509083234484,"applyBackgroundUpdates":1,"bootstrap":true,"path":"C:\\Program Files\\Mozilla Firefox\\browser\\features\\webcompat@mozilla.org.xpi","skinnable":false,"size":8992,"sourceURI":null,"releaseNotesURI":null,"softDisabled":false,"foreignInstall":false,"hasBinaryComponents":false,"strictCompatibility":false,"locales":[],"targetApplications":[{"id":"{ec8030f7-c20a-464f-9b0e-13a3a9e97384}","minVersion":"56.0.2","maxVersion":"56.*"}],"targetPlatforms":[],"multiprocessCompatible":true,"seen":true,"dependencies":[],"hasEmbeddedWebExtension":false,"mpcOptedOut":false,"userPermissions":null,"icons":{},"iconURL":null,"icon64URL":null,"blocklistState":0,"blocklistURL":null}
1509357450674	DeferredSave.extensions.json	DEBUG	Save changes
1509357450675	addons.xpi-utils	DEBUG	Make addon app-global:{972ce4c6-7e08-4474-a285-3208198ce6fd} visible
1509357450675	addons.xpi	DEBUG	Updating XPIState for {"id":"{972ce4c6-7e08-4474-a285-3208198ce6fd}","syncGUID":"{c77d1c76-2a68-40a0-b335-143755fa2401}","location":"app-global","version":"56.0.2","type":"theme","internalName":"classic/1.0","updateURL":null,"updateKey":null,"optionsURL":null,"optionsType":null,"optionsBrowserStyle":null,"aboutURL":null,"defaultLocale":{"name":"Default","description":"The default theme.","creator":"Mozilla","homepageURL":null,"contributors":["Mozilla Contributors"]},"visible":true,"active":false,"userDisabled":false,"appDisabled":false,"installDate":1509083234687,"updateDate":1509083234687,"applyBackgroundUpdates":1,"path":"C:\\Program Files\\Mozilla Firefox\\browser\\extensions\\{972ce4c6-7e08-4474-a285-3208198ce6fd}.xpi","skinnable":true,"size":7147,"sourceURI":null,"releaseNotesURI":null,"softDisabled":false,"foreignInstall":false,"hasBinaryComponents":false,"strictCompatibility":true,"locales":[],"targetApplications":[{"id":"{ec8030f7-c20a-464f-9b0e-13a3a9e97384}","minVersion":"56.0.2","maxVersion":"56.0.2"}],"targetPlatforms":[],"seen":true,"dependencies":[],"hasEmbeddedWebExtension":false,"userPermissions":null,"icons":{},"iconURL":"chrome://browser/content/default-theme-icon.svg","icon64URL":null,"blocklistState":0,"blocklistURL":null}
1509357450675	DeferredSave.extensions.json	DEBUG	Save changes
1509357450675	addons.xpi	DEBUG	Updating XPIState for {"id":"activity-stream@mozilla.org","syncGUID":"{08f43731-8e08-4cb0-a182-797844d47e94}","location":"app-system-defaults","version":"0.0.0","type":"extension","internalName":null,"updateURL":null,"updateKey":null,"optionsURL":null,"optionsType":null,"aboutURL":null,"defaultLocale":{"name":"Activity Stream","description":"A rich visual history feed and a reimagined home page make it easier than ever to find exactly what you're looking for in Firefox.","creator":null,"homepageURL":null},"visible":true,"active":true,"userDisabled":false,"appDisabled":false,"installDate":1509083234671,"updateDate":1509083234671,"applyBackgroundUpdates":1,"bootstrap":true,"path":"C:\\Program Files\\Mozilla Firefox\\browser\\features\\activity-stream@mozilla.org.xpi","skinnable":false,"size":1280298,"sourceURI":null,"releaseNotesURI":null,"softDisabled":false,"foreignInstall":false,"hasBinaryComponents":false,"strictCompatibility":false,"locales":[],"targetApplications":[{"id":"{ec8030f7-c20a-464f-9b0e-13a3a9e97384}","minVersion":"56.0.2","maxVersion":"56.*"}],"targetPlatforms":[],"multiprocessCompatible":true,"seen":true,"dependencies":[],"hasEmbeddedWebExtension":false,"mpcOptedOut":false,"userPermissions":null,"icons":{},"iconURL":null,"icon64URL":null,"blocklistState":0,"blocklistURL":null}
1509357450675	addons.xpi	DEBUG	Updating XPIState for {"id":"aushelper@mozilla.org","syncGUID":"{ba72cc0f-0580-483b-aafc-fe45a4dc83ee}","location":"app-system-defaults","version":"2.0","type":"extension","internalName":null,"updateURL":null,"updateKey":null,"optionsURL":null,"optionsType":null,"aboutURL":null,"defaultLocale":{"name":"Application Update Service Helper","description":"Sets value(s) in the update url based on custom checks.","creator":null,"homepageURL":null},"visible":true,"active":true,"userDisabled":false,"appDisabled":false,"installDate":1509083234656,"updateDate":1509083234656,"applyBackgroundUpdates":1,"bootstrap":true,"path":"C:\\Program Files\\Mozilla Firefox\\browser\\features\\aushelper@mozilla.org.xpi","skinnable":false,"size":8488,"sourceURI":null,"releaseNotesURI":null,"softDisabled":false,"foreignInstall":false,"hasBinaryComponents":false,"strictCompatibility":false,"locales":[],"targetApplications":[{"id":"{ec8030f7-c20a-464f-9b0e-13a3a9e97384}","minVersion":"56.0.2","maxVersion":"56.*"}],"targetPlatforms":[],"multiprocessCompatible":true,"seen":true,"dependencies":[],"hasEmbeddedWebExtension":false,"mpcOptedOut":false,"userPermissions":null,"icons":{},"iconURL":null,"icon64URL":null,"blocklistState":0,"blocklistURL":null}
1509357450675	addons.xpi	DEBUG	Updating XPIState for {"id":"clicktoplay-rollout@mozilla.org","syncGUID":"{4e3f0def-545b-4060-92bd-4cc0cea6968a}","location":"app-system-defaults","version":"1.4","type":"extension","internalName":null,"updateURL":null,"updateKey":null,"optionsURL":null,"optionsType":null,"aboutURL":null,"defaultLocale":{"name":"Click-to-Play staged rollout","description":"Staged rollout for Click-to-Play Flash.","creator":null,"homepageURL":null},"visible":true,"active":true,"userDisabled":false,"appDisabled":false,"installDate":1509083234640,"updateDate":1509083234640,"applyBackgroundUpdates":1,"bootstrap":true,"path":"C:\\Program Files\\Mozilla Firefox\\browser\\features\\clicktoplay-rollout@mozilla.org.xpi","skinnable":false,"size":5781,"sourceURI":null,"releaseNotesURI":null,"softDisabled":false,"foreignInstall":false,"hasBinaryComponents":false,"strictCompatibility":false,"locales":[],"targetApplications":[{"id":"{ec8030f7-c20a-464f-9b0e-13a3a9e97384}","minVersion":"56.0.2","maxVersion":"56.*"}],"targetPlatforms":[],"multiprocessCompatible":true,"seen":true,"dependencies":[],"hasEmbeddedWebExtension":false,"mpcOptedOut":false,"userPermissions":null,"icons":{},"iconURL":null,"icon64URL":null,"blocklistState":0,"blocklistURL":null}
1509357450675	addons.xpi	DEBUG	Updating XPIState for {"id":"e10srollout@mozilla.org","syncGUID":"{bb8a8a06-82b6-4c17-b4f6-d03450d3b0a4}","location":"app-system-defaults","version":"3.00","type":"extension","internalName":null,"updateURL":null,"updateKey":null,"optionsURL":null,"optionsType":null,"aboutURL":null,"defaultLocale":{"name":"Multi-process staged rollout","description":"Staged rollout of Firefox multi-process feature.","creator":null,"homepageURL":null},"visible":true,"active":true,"userDisabled":false,"appDisabled":false,"installDate":1509083234624,"updateDate":1509083234624,"applyBackgroundUpdates":1,"bootstrap":true,"path":"C:\\Program Files\\Mozilla Firefox\\browser\\features\\e10srollout@mozilla.org.xpi","skinnable":false,"size":13712,"sourceURI":null,"releaseNotesURI":null,"softDisabled":false,"foreignInstall":false,"hasBinaryComponents":false,"strictCompatibility":false,"locales":[],"targetApplications":[{"id":"{ec8030f7-c20a-464f-9b0e-13a3a9e97384}","minVersion":"56.0.2","maxVersion":"56.*"}],"targetPlatforms":[],"multiprocessCompatible":true,"seen":true,"dependencies":[],"hasEmbeddedWebExtension":false,"mpcOptedOut":false,"userPermissions":null,"icons":{},"iconURL":null,"icon64URL":null,"blocklistState":0,"blocklistURL":null}
1509357450675	addons.xpi	DEBUG	Updating XPIState for {"id":"firefox@getpocket.com","syncGUID":"{58c1d606-3cac-4986-9ad8-c95e38755456}","location":"app-system-defaults","version":"1.0.5","type":"extension","internalName":null,"updateURL":null,"updateKey":null,"optionsURL":null,"optionsType":null,"aboutURL":null,"defaultLocale":{"name":"Pocket","description":"When you find something you want to view later, put it in Pocket.","creator":null,"homepageURL":null},"visible":true,"active":true,"userDisabled":false,"appDisabled":false,"installDate":1509083234609,"updateDate":1509083234609,"applyBackgroundUpdates":1,"bootstrap":true,"path":"C:\\Program Files\\Mozilla Firefox\\browser\\features\\firefox@getpocket.com.xpi","skinnable":false,"size":1002095,"sourceURI":null,"releaseNotesURI":null,"softDisabled":false,"foreignInstall":false,"hasBinaryComponents":false,"strictCompatibility":false,"locales":[],"targetApplications":[{"id":"{ec8030f7-c20a-464f-9b0e-13a3a9e97384}","minVersion":"56.0.2","maxVersion":"56.*"}],"targetPlatforms":[],"multiprocessCompatible":true,"seen":true,"dependencies":[],"hasEmbeddedWebExtension":false,"mpcOptedOut":false,"userPermissions":null,"icons":{},"iconURL":null,"icon64URL":null,"blocklistState":0,"blocklistURL":null}
1509357450675	addons.xpi	DEBUG	Updating XPIState for {"id":"followonsearch@mozilla.com","syncGUID":"{5ca06f93-24a1-4db5-b0df-7c0bacc261c8}","location":"app-system-defaults","version":"0.9.3","type":"extension","internalName":null,"updateURL":null,"updateKey":null,"optionsURL":null,"optionsType":null,"aboutURL":null,"defaultLocale":{"name":"Follow-on Search Telemetry","description":null,"creator":null,"homepageURL":null},"visible":true,"active":true,"userDisabled":false,"appDisabled":false,"installDate":1506672310902,"updateDate":1506672310902,"applyBackgroundUpdates":1,"bootstrap":true,"path":"C:\\Program Files\\Mozilla Firefox\\browser\\features\\followonsearch@mozilla.com.xpi","skinnable":false,"size":16802,"sourceURI":null,"releaseNotesURI":null,"softDisabled":false,"foreignInstall":false,"hasBinaryComponents":false,"strictCompatibility":false,"locales":[],"targetApplications":[{"id":"{ec8030f7-c20a-464f-9b0e-13a3a9e97384}","minVersion":"52.0","maxVersion":"59.*"}],"targetPlatforms":[],"multiprocessCompatible":true,"seen":true,"dependencies":[],"hasEmbeddedWebExtension":false,"mpcOptedOut":false,"userPermissions":null,"icons":{},"iconURL":null,"icon64URL":null,"blocklistState":0,"blocklistURL":null}
1509357450676	addons.xpi	DEBUG	Updating XPIState for {"id":"formautofill@mozilla.org","syncGUID":"{1706a62b-4a65-4f36-9db1-8f8654467b4c}","location":"app-system-defaults","version":"1.0","type":"extension","internalName":null,"updateURL":null,"updateKey":null,"optionsURL":null,"optionsType":null,"aboutURL":null,"defaultLocale":{"name":"Form Autofill","description":"Autofill forms with saved profiles","creator":null,"homepageURL":null},"visible":true,"active":true,"userDisabled":false,"appDisabled":false,"installDate":1509083234578,"updateDate":1509083234578,"applyBackgroundUpdates":1,"bootstrap":true,"path":"C:\\Program Files\\Mozilla Firefox\\browser\\features\\formautofill@mozilla.org.xpi","skinnable":false,"size":335807,"sourceURI":null,"releaseNotesURI":null,"softDisabled":false,"foreignInstall":false,"hasBinaryComponents":false,"strictCompatibility":false,"locales":[],"targetApplications":[{"id":"{ec8030f7-c20a-464f-9b0e-13a3a9e97384}","minVersion":"56.0.2","maxVersion":"56.*"}],"targetPlatforms":[],"multiprocessCompatible":true,"seen":true,"dependencies":[],"hasEmbeddedWebExtension":false,"mpcOptedOut":false,"userPermissions":null,"icons":{},"iconURL":null,"icon64URL":null,"blocklistState":0,"blocklistURL":null}
1509357450676	addons.xpi	DEBUG	Updating XPIState for {"id":"onboarding@mozilla.org","syncGUID":"{7e3e1bac-7ce7-4d7b-9dff-c6c7d46fb92f}","location":"app-system-defaults","version":"0.1","type":"extension","internalName":null,"updateURL":null,"updateKey":null,"optionsURL":null,"optionsType":null,"aboutURL":null,"defaultLocale":{"name":"Photon onboarding","description":"Photon onboarding","creator":null,"homepageURL":null},"visible":true,"active":true,"userDisabled":false,"appDisabled":false,"installDate":1509083234546,"updateDate":1509083234546,"applyBackgroundUpdates":1,"bootstrap":true,"path":"C:\\Program Files\\Mozilla Firefox\\browser\\features\\onboarding@mozilla.org.xpi","skinnable":false,"size":426348,"sourceURI":null,"releaseNotesURI":null,"softDisabled":false,"foreignInstall":false,"hasBinaryComponents":false,"strictCompatibility":false,"locales":[],"targetApplications":[{"id":"{ec8030f7-c20a-464f-9b0e-13a3a9e97384}","minVersion":"56.0.2","maxVersion":"56.*"}],"targetPlatforms":[],"multiprocessCompatible":true,"seen":true,"dependencies":[],"hasEmbeddedWebExtension":false,"mpcOptedOut":false,"userPermissions":null,"icons":{},"iconURL":null,"icon64URL":null,"blocklistState":0,"blocklistURL":null}
1509357450676	addons.xpi	DEBUG	Updating XPIState for {"id":"screenshots@mozilla.org","syncGUID":"{8fa605f3-2ea4-4744-8e6b-e2ddcb73cbed}","location":"app-system-defaults","version":"10.12.0","type":"extension","internalName":null,"updateURL":null,"updateKey":null,"optionsURL":null,"optionsType":null,"aboutURL":null,"defaultLocale":{"name":"Firefox Screenshots","description":null,"creator":null,"homepageURL":"https://pageshot.net/"},"visible":true,"active":true,"userDisabled":false,"appDisabled":false,"installDate":1506672310887,"updateDate":1506672310887,"applyBackgroundUpdates":1,"bootstrap":true,"path":"C:\\Program Files\\Mozilla Firefox\\browser\\features\\screenshots@mozilla.org.xpi","skinnable":false,"size":714554,"sourceURI":null,"releaseNotesURI":null,"softDisabled":false,"foreignInstall":false,"hasBinaryComponents":false,"strictCompatibility":false,"locales":[],"targetApplications":[{"id":"{ec8030f7-c20a-464f-9b0e-13a3a9e97384}","minVersion":"51.0a1","maxVersion":"*"}],"targetPlatforms":[],"multiprocessCompatible":true,"seen":true,"dependencies":[],"hasEmbeddedWebExtension":false,"mpcOptedOut":false,"userPermissions":null,"icons":{},"iconURL":null,"icon64URL":null,"blocklistState":0,"blocklistURL":null}
1509357450676	addons.xpi	DEBUG	Updating XPIState for {"id":"shield-recipe-client@mozilla.org","syncGUID":"{20f861cd-3b68-4e70-9b32-caae1fceb1e3}","location":"app-system-defaults","version":"65","type":"extension","internalName":null,"updateURL":null,"updateKey":null,"optionsURL":null,"optionsType":null,"aboutURL":null,"defaultLocale":{"name":"Shield Recipe Client","description":"Client to download and run recipes for SHIELD, Heartbeat, etc.","creator":null,"homepageURL":null},"visible":true,"active":true,"userDisabled":false,"appDisabled":false,"installDate":1509083234515,"updateDate":1509083234515,"applyBackgroundUpdates":1,"bootstrap":true,"path":"C:\\Program Files\\Mozilla Firefox\\browser\\features\\shield-recipe-client@mozilla.org.xpi","skinnable":false,"size":362690,"sourceURI":null,"releaseNotesURI":null,"softDisabled":false,"foreignInstall":false,"hasBinaryComponents":false,"strictCompatibility":false,"locales":[],"targetApplications":[{"id":"{ec8030f7-c20a-464f-9b0e-13a3a9e97384}","minVersion":"56.0.2","maxVersion":"56.*"}],"targetPlatforms":[],"multiprocessCompatible":true,"seen":true,"dependencies":[],"hasEmbeddedWebExtension":false,"mpcOptedOut":false,"userPermissions":null,"icons":{},"iconURL":null,"icon64URL":null,"blocklistState":0,"blocklistURL":null}
1509357450676	addons.xpi	DEBUG	Updating XPIState for {"id":"webcompat@mozilla.org","syncGUID":"{27d8d0cc-0e7d-4929-9cc3-cdae7db9f8eb}","location":"app-system-defaults","version":"1.1","type":"extension","internalName":null,"updateURL":null,"updateKey":null,"optionsURL":null,"optionsType":null,"aboutURL":null,"defaultLocale":{"name":"Web Compat","description":"Urgent post-release fixes for web compatibility.","creator":null,"homepageURL":null},"visible":true,"active":true,"userDisabled":false,"appDisabled":false,"installDate":1509083234484,"updateDate":1509083234484,"applyBackgroundUpdates":1,"bootstrap":true,"path":"C:\\Program Files\\Mozilla Firefox\\browser\\features\\webcompat@mozilla.org.xpi","skinnable":false,"size":8992,"sourceURI":null,"releaseNotesURI":null,"softDisabled":false,"foreignInstall":false,"hasBinaryComponents":false,"strictCompatibility":false,"locales":[],"targetApplications":[{"id":"{ec8030f7-c20a-464f-9b0e-13a3a9e97384}","minVersion":"56.0.2","maxVersion":"56.*"}],"targetPlatforms":[],"multiprocessCompatible":true,"seen":true,"dependencies":[],"hasEmbeddedWebExtension":false,"mpcOptedOut":false,"userPermissions":null,"icons":{},"iconURL":null,"icon64URL":null,"blocklistState":0,"blocklistURL":null}
1509357450676	addons.xpi	DEBUG	Updating XPIState for {"id":"{972ce4c6-7e08-4474-a285-3208198ce6fd}","syncGUID":"{c77d1c76-2a68-40a0-b335-143755fa2401}","location":"app-global","version":"56.0.2","type":"theme","internalName":"classic/1.0","updateURL":null,"updateKey":null,"optionsURL":null,"optionsType":null,"optionsBrowserStyle":null,"aboutURL":null,"defaultLocale":{"name":"Default","description":"The default theme.","creator":"Mozilla","homepageURL":null,"contributors":["Mozilla Contributors"]},"visible":true,"active":true,"userDisabled":false,"appDisabled":false,"installDate":1509083234687,"updateDate":1509083234687,"applyBackgroundUpdates":1,"path":"C:\\Program Files\\Mozilla Firefox\\browser\\extensions\\{972ce4c6-7e08-4474-a285-3208198ce6fd}.xpi","skinnable":true,"size":7147,"sourceURI":null,"releaseNotesURI":null,"softDisabled":false,"foreignInstall":false,"hasBinaryComponents":false,"strictCompatibility":true,"locales":[],"targetApplications":[{"id":"{ec8030f7-c20a-464f-9b0e-13a3a9e97384}","minVersion":"56.0.2","maxVersion":"56.0.2"}],"targetPlatforms":[],"seen":true,"dependencies":[],"hasEmbeddedWebExtension":false,"userPermissions":null,"icons":{},"iconURL":"chrome://browser/content/default-theme-icon.svg","icon64URL":null,"blocklistState":0,"blocklistURL":null}
1509357450676	DeferredSave.extensions.json	DEBUG	Save changes
1509357450676	addons.xpi	DEBUG	Updating database with changes to installed add-ons
1509357450676	addons.xpi-utils	DEBUG	Updating add-on states
1509357450678	addons.xpi	DEBUG	Registering manifest for C:\Program Files\Mozilla Firefox\browser\features\activity-stream@mozilla.org.xpi
1509357450679	addons.xpi	DEBUG	Calling bootstrap method startup on activity-stream@mozilla.org version 0.0.0
1509357450679	addons.xpi	DEBUG	Registering manifest for C:\Program Files\Mozilla Firefox\browser\features\aushelper@mozilla.org.xpi
1509357450679	addons.xpi	DEBUG	Calling bootstrap method startup on aushelper@mozilla.org version 2.0
1509357450680	addons.xpi	DEBUG	Registering manifest for C:\Program Files\Mozilla Firefox\browser\features\clicktoplay-rollout@mozilla.org.xpi
1509357450680	addons.xpi	DEBUG	Calling bootstrap method startup on clicktoplay-rollout@mozilla.org version 1.4
1509357450680	addons.xpi	DEBUG	Registering manifest for C:\Program Files\Mozilla Firefox\browser\features\e10srollout@mozilla.org.xpi
1509357450680	addons.xpi	DEBUG	Calling bootstrap method startup on e10srollout@mozilla.org version 3.00
1509357450681	addons.xpi	DEBUG	Registering manifest for C:\Program Files\Mozilla Firefox\browser\features\firefox@getpocket.com.xpi
1509357450681	addons.xpi	DEBUG	Calling bootstrap method startup on firefox@getpocket.com version 1.0.5
1509357450696	addons.xpi	DEBUG	Registering manifest for C:\Program Files\Mozilla Firefox\browser\features\followonsearch@mozilla.com.xpi
1509357450696	addons.xpi	DEBUG	Calling bootstrap method startup on followonsearch@mozilla.com version 0.9.3
1509357450697	addons.xpi	DEBUG	Registering manifest for C:\Program Files\Mozilla Firefox\browser\features\formautofill@mozilla.org.xpi
1509357450697	addons.xpi	DEBUG	Calling bootstrap method startup on formautofill@mozilla.org version 1.0
1509357450697	addons.xpi	DEBUG	Registering manifest for C:\Program Files\Mozilla Firefox\browser\features\onboarding@mozilla.org.xpi
1509357450697	addons.xpi	DEBUG	Calling bootstrap method startup on onboarding@mozilla.org version 0.1
1509357450697	addons.xpi	DEBUG	Registering manifest for C:\Program Files\Mozilla Firefox\browser\features\screenshots@mozilla.org.xpi
1509357450698	addons.xpi	DEBUG	Calling bootstrap method startup on screenshots@mozilla.org version 10.12.0
1509357450698	addons.xpi	DEBUG	Registering manifest for C:\Program Files\Mozilla Firefox\browser\features\shield-recipe-client@mozilla.org.xpi
1509357450698	addons.xpi	DEBUG	Calling bootstrap method startup on shield-recipe-client@mozilla.org version 65
1509357450701	addons.xpi	DEBUG	Registering manifest for C:\Program Files\Mozilla Firefox\browser\features\webcompat@mozilla.org.xpi
1509357450701	addons.xpi	DEBUG	Calling bootstrap method startup on webcompat@mozilla.org version 1.1
1509357450704	addons.manager	DEBUG	Registering shutdown blocker for XPIProvider
1509357450704	addons.manager	DEBUG	Provider finished startup: XPIProvider
1509357450704	addons.manager	DEBUG	Starting provider: LightweightThemeManager
1509357450704	addons.manager	DEBUG	Registering shutdown blocker for LightweightThemeManager
1509357450704	addons.manager	DEBUG	Provider finished startup: LightweightThemeManager
1509357450704	addons.manager	DEBUG	Starting provider: GMPProvider
1509357450707	addons.manager	DEBUG	Registering shutdown blocker for GMPProvider
1509357450707	addons.manager	DEBUG	Provider finished startup: GMPProvider
1509357450707	addons.manager	DEBUG	Starting provider: PluginProvider
1509357450707	addons.manager	DEBUG	Registering shutdown blocker for PluginProvider
1509357450707	addons.manager	DEBUG	Provider finished startup: PluginProvider
1509357450707	addons.manager	DEBUG	Completed startup sequence
1509357450796	Marionette	INFO	Enabled via --marionette
1509357450856	addons.manager	DEBUG	Starting provider: PreviousExperimentProvider
1509357450856	addons.manager	DEBUG	Registering shutdown blocker for PreviousExperimentProvider
1509357450856	addons.manager	DEBUG	Provider finished startup: PreviousExperimentProvider
1509357450857	DeferredSave.extensions.json	DEBUG	Starting write
1509357450960	DeferredSave.webext.sc.lz4	DEBUG	Save changes
1509357450961	DeferredSave.webext.sc.lz4	DEBUG	Starting timer
1509357450971	DeferredSave.webext.sc.lz4	DEBUG	Save changes
1509357450972	DeferredSave.webext.sc.lz4	DEBUG	Save changes
1509357450972	DeferredSave.webext.sc.lz4	DEBUG	Save changes
1509357450973	DeferredSave.webext.sc.lz4	DEBUG	Save changes
1509357450974	DeferredSave.webext.sc.lz4	DEBUG	Save changes
1509357450974	DeferredSave.webext.sc.lz4	DEBUG	Save changes
1509357450975	DeferredSave.webext.sc.lz4	DEBUG	Save changes
1509357450975	DeferredSave.webext.sc.lz4	DEBUG	Save changes
1509357450976	DeferredSave.webext.sc.lz4	DEBUG	Save changes
1509357450977	DeferredSave.webext.sc.lz4	DEBUG	Save changes
1509357450980	DeferredSave.webext.sc.lz4	DEBUG	Save changes
1509357450981	DeferredSave.webext.sc.lz4	DEBUG	Save changes
1509357450981	DeferredSave.webext.sc.lz4	DEBUG	Save changes
1509357450981	DeferredSave.webext.sc.lz4	DEBUG	Save changes
1509357450982	DeferredSave.webext.sc.lz4	DEBUG	Save changes
1509357450982	DeferredSave.webext.sc.lz4	DEBUG	Save changes
1509357450982	DeferredSave.webext.sc.lz4	DEBUG	Save changes
1509357450983	DeferredSave.webext.sc.lz4	DEBUG	Save changes
1509357450983	DeferredSave.webext.sc.lz4	DEBUG	Save changes
1509357450983	DeferredSave.webext.sc.lz4	DEBUG	Save changes
1509357450985	DeferredSave.webext.sc.lz4	DEBUG	Save changes
1509357450985	DeferredSave.webext.sc.lz4	DEBUG	Save changes
1509357450986	DeferredSave.webext.sc.lz4	DEBUG	Save changes
1509357450986	DeferredSave.webext.sc.lz4	DEBUG	Save changes
1509357450987	DeferredSave.webext.sc.lz4	DEBUG	Save changes
1509357450987	DeferredSave.webext.sc.lz4	DEBUG	Save changes
1509357450987	DeferredSave.webext.sc.lz4	DEBUG	Save changes
1509357450988	DeferredSave.webext.sc.lz4	DEBUG	Save changes
1509357450989	DeferredSave.webext.sc.lz4	DEBUG	Save changes
1509357450989	DeferredSave.webext.sc.lz4	DEBUG	Save changes
1509357450990	DeferredSave.webext.sc.lz4	DEBUG	Save changes
1509357450990	DeferredSave.webext.sc.lz4	DEBUG	Save changes
1509357450991	DeferredSave.webext.sc.lz4	DEBUG	Save changes
1509357450991	DeferredSave.webext.sc.lz4	DEBUG	Save changes
1509357450992	DeferredSave.webext.sc.lz4	DEBUG	Save changes
1509357450992	DeferredSave.webext.sc.lz4	DEBUG	Save changes
1509357450993	DeferredSave.webext.sc.lz4	DEBUG	Save changes
1509357450993	DeferredSave.webext.sc.lz4	DEBUG	Save changes
1509357450994	DeferredSave.webext.sc.lz4	DEBUG	Save changes
1509357450996	DeferredSave.webext.sc.lz4	DEBUG	Save changes
1509357450996	DeferredSave.webext.sc.lz4	DEBUG	Save changes
1509357450997	DeferredSave.webext.sc.lz4	DEBUG	Save changes
1509357450997	DeferredSave.webext.sc.lz4	DEBUG	Save changes
1509357450997	DeferredSave.webext.sc.lz4	DEBUG	Save changes
1509357450998	DeferredSave.webext.sc.lz4	DEBUG	Save changes
1509357450999	DeferredSave.webext.sc.lz4	DEBUG	Save changes
1509357450999	DeferredSave.webext.sc.lz4	DEBUG	Save changes
1509357451001	DeferredSave.webext.sc.lz4	DEBUG	Save changes
1509357451002	DeferredSave.extensions.json	DEBUG	Write succeeded
1509357451002	addons.xpi-utils	DEBUG	XPI Database saved, setting schema version preference to 22
1509357451005	DeferredSave.webext.sc.lz4	DEBUG	Save changes
1509357451005	DeferredSave.webext.sc.lz4	DEBUG	Save changes
1509357451019	DeferredSave.webext.sc.lz4	DEBUG	Save changes
1509357451029	DeferredSave.webext.sc.lz4	DEBUG	Save changes
Unable to read VR Path Registry from C:\Users\wangzilong-ti\AppData\Local\openvr\openvrpaths.vrpath
[Child 5412] WARNING: pipe error: 109: file z:/build/build/src/ipc/chromium/src/chrome/common/ipc_channel_win.cc, line 346
[Child 5412] WARNING: pipe error: 109: file z:/build/build/src/ipc/chromium/src/chrome/common/ipc_channel_win.cc, line 346
1509357451528	addons.manager	DEBUG	Starting provider: <unnamed-provider>
1509357451528	addons.manager	DEBUG	Registering shutdown blocker for <unnamed-provider>
1509357451528	addons.manager	DEBUG	Provider finished startup: <unnamed-provider>
1509357451529	addons.xpi	INFO	Mapping activity-stream@mozilla.org to C:\Program Files\Mozilla Firefox\browser\features\activity-stream@mozilla.org.xpi
1509357451529	addons.xpi	INFO	Mapping aushelper@mozilla.org to C:\Program Files\Mozilla Firefox\browser\features\aushelper@mozilla.org.xpi
1509357451529	addons.xpi	INFO	Mapping clicktoplay-rollout@mozilla.org to C:\Program Files\Mozilla Firefox\browser\features\clicktoplay-rollout@mozilla.org.xpi
1509357451529	addons.xpi	INFO	Mapping e10srollout@mozilla.org to C:\Program Files\Mozilla Firefox\browser\features\e10srollout@mozilla.org.xpi
1509357451529	addons.xpi	INFO	Mapping firefox@getpocket.com to C:\Program Files\Mozilla Firefox\browser\features\firefox@getpocket.com.xpi
1509357451529	addons.xpi	INFO	Mapping followonsearch@mozilla.com to C:\Program Files\Mozilla Firefox\browser\features\followonsearch@mozilla.com.xpi
1509357451529	addons.xpi	INFO	Mapping formautofill@mozilla.org to C:\Program Files\Mozilla Firefox\browser\features\formautofill@mozilla.org.xpi
1509357451529	addons.xpi	INFO	Mapping onboarding@mozilla.org to C:\Program Files\Mozilla Firefox\browser\features\onboarding@mozilla.org.xpi
1509357451529	addons.xpi	INFO	Mapping screenshots@mozilla.org to C:\Program Files\Mozilla Firefox\browser\features\screenshots@mozilla.org.xpi
1509357451529	addons.xpi	INFO	Mapping shield-recipe-client@mozilla.org to C:\Program Files\Mozilla Firefox\browser\features\shield-recipe-client@mozilla.org.xpi
1509357451529	addons.xpi	INFO	Mapping webcompat@mozilla.org to C:\Program Files\Mozilla Firefox\browser\features\webcompat@mozilla.org.xpi
1509357451530	addons.xpi	DEBUG	Existing add-on activity-stream@mozilla.org in app-system-defaults
1509357451530	addons.xpi	DEBUG	Existing add-on aushelper@mozilla.org in app-system-defaults
1509357451530	addons.xpi	DEBUG	Existing add-on clicktoplay-rollout@mozilla.org in app-system-defaults
1509357451530	addons.xpi	DEBUG	Existing add-on e10srollout@mozilla.org in app-system-defaults
1509357451530	addons.xpi	DEBUG	Existing add-on firefox@getpocket.com in app-system-defaults
1509357451530	addons.xpi	DEBUG	Existing add-on followonsearch@mozilla.com in app-system-defaults
1509357451530	addons.xpi	DEBUG	Existing add-on formautofill@mozilla.org in app-system-defaults
1509357451530	addons.xpi	DEBUG	Existing add-on onboarding@mozilla.org in app-system-defaults
1509357451531	addons.xpi	DEBUG	Existing add-on screenshots@mozilla.org in app-system-defaults
1509357451531	addons.xpi	DEBUG	Existing add-on shield-recipe-client@mozilla.org in app-system-defaults
1509357451531	addons.xpi	DEBUG	Existing add-on webcompat@mozilla.org in app-system-defaults
1509357451531	addons.xpi	INFO	Mapping {972ce4c6-7e08-4474-a285-3208198ce6fd} to C:\Program Files\Mozilla Firefox\browser\extensions\{972ce4c6-7e08-4474-a285-3208198ce6fd}.xpi
1509357451531	addons.xpi	DEBUG	Existing add-on {972ce4c6-7e08-4474-a285-3208198ce6fd} in app-global
1509357451531	addons.xpi	DEBUG	getInstallState changed: false, state: {}
1509357451643	Marionette	INFO	Listening on port 63826
1509357451691	addons.productaddons	INFO	sending request to: https://aus5.mozilla.org/update/3/GMP/56.0.2/20171024165158/WINNT_x86_64-msvc-x64/zh-CN/release-cck-mozillaonline/Windows_NT%2010.0.0.0%20(x64)/MozillaOnline/2017.8/update.xml
1509357452035	Marionette	WARN	TLS certificate errors will be ignored for this session
1509357452055	Marionette	DEBUG	Register listener.js for window 6442450945
1509357452068	Marionette	DEBUG	Received DOM event "beforeunload" for "about:blank"
1509357452344	Marionette	DEBUG	Received DOM event "pagehide" for "about:blank"
1509357452344	Marionette	DEBUG	Received DOM event "unload" for "about:blank"
1509357452914	addons.productaddons	INFO	Completed downloading document
1509357453317	Marionette	DEBUG	Received DOM event "DOMContentLoaded" for "https://search.jd.com/Search?keyword=%E7%89%B9%E4%BE%8B%E5%95%86%E5%93%81%E4%B8%8D%E5%8F%82%E5%8A%A0&enc=utf-8&wq=%E7%89%B9%E4%BE%8B%E5%95%86%E5%93%81%E4%B8%8D%E5%8F%82%E5%8A%A0&pvid=90d595ef21834071a9cfdef5f536e226"
1509357455962	DeferredSave.webext.sc.lz4	DEBUG	Starting write
1509357455967	DeferredSave.webext.sc.lz4	DEBUG	Write succeeded
1509357457298	Marionette	DEBUG	Received DOM event "pageshow" for "https://search.jd.com/Search?keyword=%E7%89%B9%E4%BE%8B%E5%95%86%E5%93%81%E4%B8%8D%E5%8F%82%E5%8A%A0&enc=utf-8&wq=%E7%89%B9%E4%BE%8B%E5%95%86%E5%93%81%E4%B8%8D%E5%8F%82%E5%8A%A0&pvid=90d595ef21834071a9cfdef5f536e226"
1509357458334	Marionette	DEBUG	Canceled page load listener because no navigation has been detected
1509357459571	Marionette	DEBUG	Canceled page load listener because no navigation has been detected
1509357460592	Marionette	DEBUG	Canceled page load listener because no navigation has been detected
1509357461584	Marionette	DEBUG	Canceled page load listener because no navigation has been detected
1509357462478	Marionette	DEBUG	Canceled page load listener because no navigation has been detected
1509357463368	Marionette	DEBUG	Canceled page load listener because no navigation has been detected
1509357464290	Marionette	DEBUG	Canceled page load listener because no navigation has been detected
1509357465197	Marionette	DEBUG	Canceled page load listener because no navigation has been detected
1509357466219	Marionette	DEBUG	Canceled page load listener because no navigation has been detected
1509357467214	Marionette	DEBUG	Canceled page load listener because no navigation has been detected
1509357468206	Marionette	DEBUG	Canceled page load listener because no navigation has been detected
1509357469208	Marionette	DEBUG	Canceled page load listener because no navigation has been detected
1509357470204	Marionette	DEBUG	Canceled page load listener because no navigation has been detected
1509357471180	Marionette	DEBUG	Canceled page load listener because no navigation has been detected
1509357472403	Marionette	DEBUG	Canceled page load listener because no navigation has been detected
1509357473322	Marionette	DEBUG	Canceled page load listener because no navigation has been detected
1509357474244	Marionette	DEBUG	Canceled page load listener because no navigation has been detected
1509357474573	addons.productaddons	WARN	Failed downloading via XHR, status: 0, reason: error
1509357475135	Marionette	DEBUG	Canceled page load listener because no navigation has been detected
1509357476027	Marionette	DEBUG	Canceled page load listener because no navigation has been detected
1509357476973	Marionette	DEBUG	Canceled page load listener because no navigation has been detected
1509357477947	Marionette	DEBUG	Canceled page load listener because no navigation has been detected
1509357480739	addons.productaddons	INFO	downloadXHR File download. status=404
1509357486340	addons.xpi	DEBUG	Calling bootstrap method shutdown on webcompat@mozilla.org version 1.1
1509357486341	addons.xpi	DEBUG	Calling bootstrap method shutdown on shield-recipe-client@mozilla.org version 65
1509357486341	addons.xpi	DEBUG	Calling bootstrap method shutdown on screenshots@mozilla.org version 10.12.0
1509357486344	addons.xpi	DEBUG	Calling bootstrap method shutdown on onboarding@mozilla.org version 0.1
1509357486344	addons.xpi	DEBUG	Calling bootstrap method shutdown on formautofill@mozilla.org version 1.0
1509357486345	addons.xpi	DEBUG	Calling bootstrap method shutdown on followonsearch@mozilla.com version 0.9.3
1509357486345	addons.xpi	DEBUG	Calling bootstrap method shutdown on firefox@getpocket.com version 1.0.5
1509357486345	addons.xpi	DEBUG	Calling bootstrap method shutdown on e10srollout@mozilla.org version 3.00
1509357486345	addons.xpi	DEBUG	Calling bootstrap method shutdown on clicktoplay-rollout@mozilla.org version 1.4
1509357486345	addons.xpi	DEBUG	Calling bootstrap method shutdown on aushelper@mozilla.org version 2.0
1509357486346	addons.xpi	DEBUG	Calling bootstrap method shutdown on activity-stream@mozilla.org version 0.0.0
Unable to read VR Path Registry from C:\Users\wangzilong-ti\AppData\Local\openvr\openvrpaths.vrpath
[Parent 11544] WARNING: pipe error: 109: file z:/build/build/src/ipc/chromium/src/chrome/common/ipc_channel_win.cc, line 346
Unable to read VR Path Registry from C:\Users\wangzilong-ti\AppData\Local\openvr\openvrpaths.vrpath
[Child 10968] WARNING: pipe error: 109: file z:/build/build/src/ipc/chromium/src/chrome/common/ipc_channel_win.cc, line 346
[Child 10968] WARNING: pipe error: 109: file z:/build/build/src/ipc/chromium/src/chrome/common/ipc_channel_win.cc, line 346
Unable to read VR Path Registry from C:\Users\wangzilong-ti\AppData\Local\openvr\openvrpaths.vrpath
[Child 1608] WARNING: pipe error: 109: file z:/build/build/src/ipc/chromium/src/chrome/common/ipc_channel_win.cc, line 346
[Child 1608] WARNING: pipe error: 109: file z:/build/build/src/ipc/chromium/src/chrome/common/ipc_channel_win.cc, line 346
1509357486397	addons.manager	DEBUG	shutdown
1509357486398	addons.manager	DEBUG	Calling shutdown blocker for XPIProvider
1509357486398	addons.xpi	DEBUG	shutdown
1509357486398	addons.xpi-utils	DEBUG	shutdown
1509357486398	addons.manager	DEBUG	Calling shutdown blocker for LightweightThemeManager
1509357486398	addons.manager	DEBUG	Calling shutdown blocker for GMPProvider
1509357486398	addons.manager	DEBUG	Calling shutdown blocker for PluginProvider
1509357486398	addons.manager	DEBUG	Calling shutdown blocker for PreviousExperimentProvider
1509357486398	addons.manager	DEBUG	Calling shutdown blocker for <unnamed-provider>
1509357486402	addons.manager	DEBUG	Async provider shutdown done
*** UTM:SVC TimerManager:registerTimer called after profile-before-change notification. Ignoring timer registration for id: telemetry_modules_ping
Unable to read VR Path Registry from C:\Users\wangzilong-ti\AppData\Local\openvr\openvrpaths.vrpath
[GPU 2260] WARNING: pipe error: 109: file z:/build/build/src/ipc/chromium/src/chrome/common/ipc_channel_win.cc, line 346

###!!! [Child][MessageChannel::SendAndWait] Error: Channel error: cannot send/recv


[GPU 4888] WARNING: pipe error: 109: file z:/build/build/src/ipc/chromium/src/chrome/common/ipc_channel_win.cc, line 346

###!!! [Child][MessageChannel::SendAndWait] Error: Channel error: cannot send/recv

: file z:/build/build/src/ipc/chromium/src/chrome/common/ipc_channel_win.cc, line 346

###!!! [Child][MessageChannel::SendAndWait] Error: Channel error: cannot send/recv

: file z:/build/build/src/ipc/chromium/src/chrome/common/ipc_channel_win.cc, line 346

###!!! [Child][MessageChannel::SendAndWait] Error: Channel error: cannot send/recv

e://devtools/server/actors/highlighters/auto-refresh.js, line 202: TypeError: this.win is null
JavaScript error: resource://gre/modules/commonjs/toolkit/loader.js -> resource://devtools/server/actors/highlighters/auto-refresh.js, line 202: TypeError: this.win is null
JavaScript error: resource://gre/modules/commonjs/toolkit/loader.js -> resource://devtools/server/actors/highlighters/auto-refresh.js, line 202: TypeError: this.win is null
JavaScript error: resource://gre/modules/commonjs/toolkit/loader.js -> resource://devtools/server/actors/highlighters/auto-refresh.js, line 202: TypeError: this.win is null
JavaScript error: resource://gre/modules/commonjs/toolkit/loader.js -> resource://devtools/server/actors/highlighters/auto-refresh.js, line 202: TypeError: this.win is null
JavaScript error: resource://gre/modules/commonjs/toolkit/loader.js -> resource://devtools/server/actors/highlighters/auto-refresh.js, line 202: TypeError: this.win is null
1509356845412	addons.xpi	DEBUG	Calling bootstrap method shutdown on webcompat@mozilla.org version 1.1
1509356845412	addons.xpi	DEBUG	Calling bootstrap method shutdown on shield-recipe-client@mozilla.org version 65
1509356845413	addons.xpi	DEBUG	Calling bootstrap method shutdown on screenshots@mozilla.org version 10.12.0
1509356845417	addons.xpi	DEBUG	Calling bootstrap method shutdown on onboarding@mozilla.org version 0.1
1509356845417	addons.xpi	DEBUG	Calling bootstrap method shutdown on formautofill@mozilla.org version 1.0
1509356845417	addons.xpi	DEBUG	Calling bootstrap method shutdown on followonsearch@mozilla.com version 0.9.3
1509356845418	addons.xpi	DEBUG	Calling bootstrap method shutdown on firefox@getpocket.com version 1.0.5
1509356845418	addons.xpi	DEBUG	Calling bootstrap method shutdown on e10srollout@mozilla.org version 3.00
1509356845418	addons.xpi	DEBUG	Calling bootstrap method shutdown on clicktoplay-rollout@mozilla.org version 1.4
1509356845418	addons.xpi	DEBUG	Calling bootstrap method shutdown on aushelper@mozilla.org version 2.0
1509356845418	addons.xpi	DEBUG	Calling bootstrap method shutdown on activity-stream@mozilla.org version 0.0.0
[Parent 1828] WARNING: pipe error: 109: file z:/build/build/src/ipc/chromium/src/chrome/common/ipc_channel_win.cc, line 346
[Parent 1828] WARNING: pipe error: 109: file z:/build/build/src/ipc/chromium/src/chrome/common/ipc_channel_win.cc, line 346
[Child 5188] WARNING: pipe error: 109: file z:/build/build/src/ipc/chromium/src/chrome/common/ipc_channel_win.cc, line 346
[Child 5188] WARNING: pipe error: 109: file z:/build/build/src/ipc/chromium/src/chrome/common/ipc_channel_win.cc, line 346
Unable to read VR Path Registry from C:\Users\wangzilong-ti\AppData\Local\openvr\openvrpaths.vrpath
[Child 11584] WARNING: pipe error: 109: file z:/build/build/src/ipc/chromium/src/chrome/common/ipc_channel_win.cc, line 346
[Child 11584] WARNING: pipe error: 109: file z:/build/build/src/ipc/chromium/src/chrome/common/ipc_channel_win.cc, line 346
1509356845485	addons.manager	DEBUG	shutdown
1509356845485	addons.manager	DEBUG	Calling shutdown blocker for XPIProvider
1509356845485	addons.xpi	DEBUG	shutdown
1509356845485	addons.xpi-utils	DEBUG	shutdown
1509356845485	addons.manager	DEBUG	Calling shutdown blocker for LightweightThemeManager
1509356845485	addons.manager	DEBUG	Calling shutdown blocker for GMPProvider
1509356845486	addons.manager	DEBUG	Calling shutdown blocker for PluginProvider
1509356845486	addons.manager	DEBUG	Calling shutdown blocker for PreviousExperimentProvider
1509356845486	addons.manager	DEBUG	Calling shutdown blocker for <unnamed-provider>
1509356845490	addons.manager	DEBUG	Async provider shutdown done
Unable to read VR Path Registry from C:\Users\wangzilong-ti\AppData\Local\openvr\openvrpaths.vrpath
[GPU 732] WARNING: pipe error: 109: file z:/build/build/src/ipc/chromium/src/chrome/common/ipc_channel_win.cc, line 346

###!!! [Child][MessageChannel::SendAndWait] Error: Channel error: cannot send/recv

